<?xml version="1.0" encoding="UTF-8"?>
<testsuite name="SILab2Test" tests="2" skipped="0" failures="0" errors="0" timestamp="2024-05-26T10:41:46" hostname="DESKTOP-PTH0IG8" time="0.023">
  <properties/>
  <testcase name="everyBranchTest()" classname="SILab2Test" time="0.021"/>
  <testcase name="multipleConditionTest()" classname="SILab2Test" time="0.001"/>
  <system-out><![CDATA[]]></system-out>
  <system-err><![CDATA[]]></system-err>
</testsuite>
