<?xml version="1.0" encoding="UTF-8"?>
<testsuite name="SILab2Test" tests="2" skipped="0" failures="0" errors="0" timestamp="2024-05-20T13:49:47" hostname="DESKTOP-PTH0IG8" time="0.029">
  <properties/>
  <testcase name="everyBranchTest()" classname="SILab2Test" time="0.026"/>
  <testcase name="multipleConditionTest()" classname="SILab2Test" time="0.002"/>
  <system-out><![CDATA[]]></system-out>
  <system-err><![CDATA[]]></system-err>
</testsuite>
